<?xml version="1.0" encoding="UTF-8"?>
<testsuite name="com.packt.cardatabase.CarRestTest" tests="1" skipped="0" failures="0" errors="0" timestamp="2025-12-06T04:25:56" hostname="LAPTOP-IPA0ELB6" time="1.269">
  <properties/>
  <testcase name="Test authentication with correct credentials" classname="com.packt.cardatabase.CarRestTest" time="1.269"/>
  <system-out><![CDATA[09:25:48.668 [Test worker] INFO org.springframework.test.context.support.AnnotationConfigContextLoaderUtils -- Could not detect default configuration classes for test class [com.packt.cardatabase.CarRestTest]: CarRestTest does not declare any static, non-private, non-final, nested classes annotated with @Configuration.
09:25:48.866 [Test worker] INFO org.springframework.boot.test.context.SpringBootTestContextBootstrapper -- Found @SpringBootConfiguration com.packt.cardatabase.CardatabaseApplication for test class com.packt.cardatabase.CarRestTest

  .   ____          _            __ _ _
 /\\ / ___'_ __ _ _(_)_ __  __ _ \ \ \ \
( ( )\___ | '_ | '_| | '_ \/ _` | \ \ \ \
 \\/  ___)| |_)| | | | | || (_| |  ) ) ) )
  '  |____| .__|_| |_|_| |_\__, | / / / /
 =========|_|==============|___/=/_/_/_/
 :: Spring Boot ::                (v3.2.0)

2025-12-06T09:25:49.299+05:00  INFO 14844 --- [    Test worker] com.packt.cardatabase.CarRestTest        : Starting CarRestTest using Java 21.0.5 with PID 14844 (started by User in C:\Users\User\Downloads\Full_Stack\Full_Stack)
2025-12-06T09:25:49.301+05:00  INFO 14844 --- [    Test worker] com.packt.cardatabase.CarRestTest        : No active profile set, falling back to 1 default profile: "default"
2025-12-06T09:25:50.315+05:00  INFO 14844 --- [    Test worker] .s.d.r.c.RepositoryConfigurationDelegate : Bootstrapping Spring Data JPA repositories in DEFAULT mode.
2025-12-06T09:25:50.385+05:00  INFO 14844 --- [    Test worker] .s.d.r.c.RepositoryConfigurationDelegate : Finished Spring Data repository scanning in 59 ms. Found 3 JPA repository interfaces.
2025-12-06T09:25:51.227+05:00  INFO 14844 --- [    Test worker] o.hibernate.jpa.internal.util.LogHelper  : HHH000204: Processing PersistenceUnitInfo [name: default]
2025-12-06T09:25:51.326+05:00  INFO 14844 --- [    Test worker] org.hibernate.Version                    : HHH000412: Hibernate ORM core version 6.3.1.Final
2025-12-06T09:25:51.370+05:00  INFO 14844 --- [    Test worker] o.h.c.internal.RegionFactoryInitiator    : HHH000026: Second-level cache disabled
2025-12-06T09:25:51.696+05:00  INFO 14844 --- [    Test worker] o.s.o.j.p.SpringPersistenceUnitInfo      : No LoadTimeWeaver setup: ignoring JPA class transformer
2025-12-06T09:25:51.723+05:00  INFO 14844 --- [    Test worker] com.zaxxer.hikari.HikariDataSource       : HikariPool-1 - Starting...
2025-12-06T09:25:51.897+05:00  INFO 14844 --- [    Test worker] com.zaxxer.hikari.pool.HikariPool        : HikariPool-1 - Added connection conn0: url=jdbc:h2:mem:cardb user=SA
2025-12-06T09:25:51.900+05:00  INFO 14844 --- [    Test worker] com.zaxxer.hikari.HikariDataSource       : HikariPool-1 - Start completed.
2025-12-06T09:25:51.925+05:00  WARN 14844 --- [    Test worker] org.hibernate.orm.deprecation            : HHH90000025: H2Dialect does not need to be specified explicitly using 'hibernate.dialect' (remove the property setting and it will be selected by default)
2025-12-06T09:25:52.839+05:00  INFO 14844 --- [    Test worker] o.h.e.t.j.p.i.JtaPlatformInitiator       : HHH000489: No JTA platform available (set 'hibernate.transaction.jta.platform' to enable JTA platform integration)
Hibernate: drop table if exists app_user cascade 
Hibernate: drop table if exists car cascade 
Hibernate: drop table if exists owner cascade 
Hibernate: drop sequence if exists app_user_seq
Hibernate: drop sequence if exists car_seq
Hibernate: drop sequence if exists owner_seq
Hibernate: create sequence app_user_seq start with 1 increment by 50
Hibernate: create sequence car_seq start with 1 increment by 50
Hibernate: create sequence owner_seq start with 1 increment by 50
Hibernate: create table app_user (id bigint not null, password varchar(255) not null, role varchar(255) not null, username varchar(255) not null unique, primary key (id))
Hibernate: create table car (model_year integer not null, price integer not null, id bigint not null, owner bigint, brand varchar(255), color varchar(255), model varchar(255), registration_number varchar(255), primary key (id))
Hibernate: create table owner (ownerid bigint not null, firstname varchar(255), lastname varchar(255), primary key (ownerid))
Hibernate: alter table if exists car add constraint FK2mqqwvxtowv4vddvtsmvtiqa2 foreign key (owner) references owner
2025-12-06T09:25:52.961+05:00  INFO 14844 --- [    Test worker] j.LocalContainerEntityManagerFactoryBean : Initialized JPA EntityManagerFactory for persistence unit 'default'
2025-12-06T09:25:53.490+05:00  INFO 14844 --- [    Test worker] o.s.d.j.r.query.QueryEnhancerFactory     : Hibernate is in classpath; If applicable, HQL parser will be used.
2025-12-06T09:25:54.431+05:00  WARN 14844 --- [    Test worker] JpaBaseConfiguration$JpaWebConfiguration : spring.jpa.open-in-view is enabled by default. Therefore, database queries may be performed during view rendering. Explicitly configure spring.jpa.open-in-view to disable this warning
2025-12-06T09:25:55.167+05:00  INFO 14844 --- [    Test worker] o.s.s.web.DefaultSecurityFilterChain     : Will secure any request with [org.springframework.security.web.session.DisableEncodeUrlFilter@4a58d05d, org.springframework.security.web.context.request.async.WebAsyncManagerIntegrationFilter@3af1b643, org.springframework.security.web.context.SecurityContextHolderFilter@746cb25d, org.springframework.security.web.header.HeaderWriterFilter@2f0b7b6d, org.springframework.web.filter.CorsFilter@79c514e4, org.springframework.security.web.authentication.logout.LogoutFilter@150eab74, com.packt.cardatabase.config.AuthenticationFilter@41185195, org.springframework.security.web.savedrequest.RequestCacheAwareFilter@7c068c7b, org.springframework.security.web.servletapi.SecurityContextHolderAwareRequestFilter@31906cb2, org.springframework.security.web.authentication.AnonymousAuthenticationFilter@233d40da, org.springframework.security.web.session.SessionManagementFilter@55cd41f7, org.springframework.security.web.access.ExceptionTranslationFilter@33dcbdc2, org.springframework.security.web.access.intercept.AuthorizationFilter@5aeaee3]
2025-12-06T09:25:55.883+05:00  INFO 14844 --- [    Test worker] o.s.b.a.h2.H2ConsoleAutoConfiguration    : H2 console available at '/h2-console'. Database available at 'jdbc:h2:mem:cardb'
2025-12-06T09:25:55.967+05:00  INFO 14844 --- [    Test worker] o.s.b.t.m.w.SpringBootMockServletContext : Initializing Spring TestDispatcherServlet ''
2025-12-06T09:25:55.967+05:00  INFO 14844 --- [    Test worker] o.s.t.web.servlet.TestDispatcherServlet  : Initializing Servlet ''
2025-12-06T09:25:55.969+05:00  INFO 14844 --- [    Test worker] o.s.t.web.servlet.TestDispatcherServlet  : Completed initialization in 2 ms
2025-12-06T09:25:56.009+05:00  INFO 14844 --- [    Test worker] com.packt.cardatabase.CarRestTest        : Started CarRestTest in 6.975 seconds (process running for 8.271)
Hibernate: select next value for owner_seq
Hibernate: select next value for owner_seq
Hibernate: insert into owner (firstname,lastname,ownerid) values (?,?,?)
Hibernate: insert into owner (firstname,lastname,ownerid) values (?,?,?)
Hibernate: select next value for car_seq
Hibernate: insert into car (brand,color,model,model_year,owner,price,registration_number,id) values (?,?,?,?,?,?,?,?)
Hibernate: select next value for car_seq
Hibernate: insert into car (brand,color,model,model_year,owner,price,registration_number,id) values (?,?,?,?,?,?,?,?)
Hibernate: insert into car (brand,color,model,model_year,owner,price,registration_number,id) values (?,?,?,?,?,?,?,?)
Hibernate: select c1_0.id,c1_0.brand,c1_0.color,c1_0.model,c1_0.model_year,c1_0.owner,c1_0.price,c1_0.registration_number from car c1_0
2025-12-06T09:25:56.259+05:00  INFO 14844 --- [    Test worker] c.p.cardatabase.CardatabaseApplication   : brand: Ford, model: Mustang
2025-12-06T09:25:56.260+05:00  INFO 14844 --- [    Test worker] c.p.cardatabase.CardatabaseApplication   : brand: Nissan, model: Leaf
2025-12-06T09:25:56.260+05:00  INFO 14844 --- [    Test worker] c.p.cardatabase.CardatabaseApplication   : brand: Toyota, model: Prius
Hibernate: select next value for app_user_seq
Hibernate: insert into app_user (password,role,username,id) values (?,?,?,?)
Hibernate: select next value for app_user_seq
Hibernate: insert into app_user (password,role,username,id) values (?,?,?,?)
Hibernate: select au1_0.id,au1_0.password,au1_0.role,au1_0.username from app_user au1_0 where au1_0.username=?

MockHttpServletRequest:
      HTTP Method = POST
      Request URI = /login
       Parameters = {}
          Headers = [Content-Type:"application/json;charset=UTF-8", Content-Length:"39"]
             Body = {"username":"admin","password":"admin"}
    Session Attrs = {}

Handler:
             Type = com.packt.cardatabase.controller.LoginController
           Method = com.packt.cardatabase.controller.LoginController#getToken(AccountCredentials)

Async:
    Async started = false
     Async result = null

Resolved Exception:
             Type = null

ModelAndView:
        View name = null
             View = null
            Model = null

FlashMap:
       Attributes = null

MockHttpServletResponse:
           Status = 200
    Error message = null
          Headers = [Vary:"Origin", "Access-Control-Request-Method", "Access-Control-Request-Headers", Authorization:"Bearer eyJhbGciOiJIUzI1NiJ9.eyJzdWIiOiJhZG1pbiIsImV4cCI6MTc2NTA4MTU1N30.yXbptX9OTGmPSLLXMY1rtPWv7V-jsSC2lxDWMK0y-l0", Access-Control-Expose-Headers:"Authorization", X-Content-Type-Options:"nosniff", X-XSS-Protection:"0", Cache-Control:"no-cache, no-store, max-age=0, must-revalidate", Pragma:"no-cache", Expires:"0"]
     Content type = null
             Body = 
    Forwarded URL = null
   Redirected URL = null
          Cookies = []
]]></system-out>
  <system-err><![CDATA[WARNING: A Java agent has been loaded dynamically (C:\Users\User\.gradle\caches\modules-2\files-2.1\net.bytebuddy\byte-buddy-agent\1.14.10\90ed94ac044ea8953b224304c762316e91fd6b31\byte-buddy-agent-1.14.10.jar)
WARNING: If a serviceability tool is in use, please run with -XX:+EnableDynamicAgentLoading to hide this warning
WARNING: If a serviceability tool is not in use, please run with -Djdk.instrument.traceUsage for more information
WARNING: Dynamic loading of agents will be disallowed by default in a future release
]]></system-err>
</testsuite>
