<?xml version="1.0" encoding="UTF-8"?>
<testsuite name="com.packt.cardatabase.OwnerRepositoryTest" tests="2" skipped="0" failures="0" errors="0" timestamp="2025-12-06T04:25:59" hostname="LAPTOP-IPA0ELB6" time="0.124">
  <properties/>
  <testcase name="Test deleting all owners from database" classname="com.packt.cardatabase.OwnerRepositoryTest" time="0.1"/>
  <testcase name="Test adding new owner to database" classname="com.packt.cardatabase.OwnerRepositoryTest" time="0.021"/>
  <system-out><![CDATA[2025-12-06T09:25:58.763+05:00  INFO 14844 --- [    Test worker] t.c.s.AnnotationConfigContextLoaderUtils : Could not detect default configuration classes for test class [com.packt.cardatabase.OwnerRepositoryTest]: OwnerRepositoryTest does not declare any static, non-private, non-final, nested classes annotated with @Configuration.
2025-12-06T09:25:58.789+05:00  INFO 14844 --- [    Test worker] .b.t.c.SpringBootTestContextBootstrapper : Found @SpringBootConfiguration com.packt.cardatabase.CardatabaseApplication for test class com.packt.cardatabase.OwnerRepositoryTest

  .   ____          _            __ _ _
 /\\ / ___'_ __ _ _(_)_ __  __ _ \ \ \ \
( ( )\___ | '_ | '_| | '_ \/ _` | \ \ \ \
 \\/  ___)| |_)| | | | | || (_| |  ) ) ) )
  '  |____| .__|_| |_|_| |_\__, | / / / /
 =========|_|==============|___/=/_/_/_/
 :: Spring Boot ::                (v3.2.0)

2025-12-06T09:25:58.885+05:00  INFO 14844 --- [    Test worker] c.packt.cardatabase.OwnerRepositoryTest  : Starting OwnerRepositoryTest using Java 21.0.5 with PID 14844 (started by User in C:\Users\User\Downloads\Full_Stack\Full_Stack)
2025-12-06T09:25:58.886+05:00  INFO 14844 --- [    Test worker] c.packt.cardatabase.OwnerRepositoryTest  : No active profile set, falling back to 1 default profile: "default"
2025-12-06T09:25:59.006+05:00  INFO 14844 --- [    Test worker] .s.d.r.c.RepositoryConfigurationDelegate : Bootstrapping Spring Data JPA repositories in DEFAULT mode.
2025-12-06T09:25:59.036+05:00  INFO 14844 --- [    Test worker] .s.d.r.c.RepositoryConfigurationDelegate : Finished Spring Data repository scanning in 29 ms. Found 3 JPA repository interfaces.
2025-12-06T09:25:59.055+05:00  INFO 14844 --- [    Test worker] beddedDataSourceBeanFactoryPostProcessor : Replacing 'dataSource' DataSource bean with embedded version
2025-12-06T09:25:59.093+05:00  INFO 14844 --- [    Test worker] o.s.j.d.e.EmbeddedDatabaseFactory        : Starting embedded database: url='jdbc:h2:mem:9a376405-2253-4a63-abba-ac7a81a6c0e5;DB_CLOSE_DELAY=-1;DB_CLOSE_ON_EXIT=false', username='sa'
2025-12-06T09:25:59.125+05:00  INFO 14844 --- [    Test worker] o.hibernate.jpa.internal.util.LogHelper  : HHH000204: Processing PersistenceUnitInfo [name: default]
2025-12-06T09:25:59.133+05:00  INFO 14844 --- [    Test worker] o.h.c.internal.RegionFactoryInitiator    : HHH000026: Second-level cache disabled
2025-12-06T09:25:59.141+05:00  INFO 14844 --- [    Test worker] o.s.o.j.p.SpringPersistenceUnitInfo      : No LoadTimeWeaver setup: ignoring JPA class transformer
2025-12-06T09:25:59.150+05:00  WARN 14844 --- [    Test worker] org.hibernate.orm.deprecation            : HHH90000025: H2Dialect does not need to be specified explicitly using 'hibernate.dialect' (remove the property setting and it will be selected by default)
2025-12-06T09:25:59.223+05:00  INFO 14844 --- [    Test worker] o.h.e.t.j.p.i.JtaPlatformInitiator       : HHH000489: No JTA platform available (set 'hibernate.transaction.jta.platform' to enable JTA platform integration)
Hibernate: drop table if exists app_user cascade 
Hibernate: drop table if exists car cascade 
Hibernate: drop table if exists owner cascade 
Hibernate: drop sequence if exists app_user_seq
Hibernate: drop sequence if exists car_seq
Hibernate: drop sequence if exists owner_seq
Hibernate: create sequence app_user_seq start with 1 increment by 50
Hibernate: create sequence car_seq start with 1 increment by 50
Hibernate: create sequence owner_seq start with 1 increment by 50
Hibernate: create table app_user (id bigint not null, password varchar(255) not null, role varchar(255) not null, username varchar(255) not null unique, primary key (id))
Hibernate: create table car (model_year integer not null, price integer not null, id bigint not null, owner bigint, brand varchar(255), color varchar(255), model varchar(255), registration_number varchar(255), primary key (id))
Hibernate: create table owner (ownerid bigint not null, firstname varchar(255), lastname varchar(255), primary key (ownerid))
Hibernate: alter table if exists car add constraint FK2mqqwvxtowv4vddvtsmvtiqa2 foreign key (owner) references owner
2025-12-06T09:25:59.237+05:00  INFO 14844 --- [    Test worker] j.LocalContainerEntityManagerFactoryBean : Initialized JPA EntityManagerFactory for persistence unit 'default'
2025-12-06T09:25:59.310+05:00  INFO 14844 --- [    Test worker] c.packt.cardatabase.OwnerRepositoryTest  : Started OwnerRepositoryTest in 0.517 seconds (process running for 11.574)
Hibernate: select next value for owner_seq
Hibernate: select next value for owner_seq
Hibernate: insert into owner (firstname,lastname,ownerid) values (?,?,?)
Hibernate: insert into owner (firstname,lastname,ownerid) values (?,?,?)
Hibernate: select next value for car_seq
Hibernate: insert into car (brand,color,model,model_year,owner,price,registration_number,id) values (?,?,?,?,?,?,?,?)
Hibernate: select next value for car_seq
Hibernate: insert into car (brand,color,model,model_year,owner,price,registration_number,id) values (?,?,?,?,?,?,?,?)
Hibernate: insert into car (brand,color,model,model_year,owner,price,registration_number,id) values (?,?,?,?,?,?,?,?)
Hibernate: select c1_0.id,c1_0.brand,c1_0.color,c1_0.model,c1_0.model_year,c1_0.owner,c1_0.price,c1_0.registration_number from car c1_0
2025-12-06T09:25:59.360+05:00  INFO 14844 --- [    Test worker] c.p.cardatabase.CardatabaseApplication   : brand: Ford, model: Mustang
2025-12-06T09:25:59.360+05:00  INFO 14844 --- [    Test worker] c.p.cardatabase.CardatabaseApplication   : brand: Nissan, model: Leaf
2025-12-06T09:25:59.360+05:00  INFO 14844 --- [    Test worker] c.p.cardatabase.CardatabaseApplication   : brand: Toyota, model: Prius
Hibernate: select next value for app_user_seq
Hibernate: insert into app_user (password,role,username,id) values (?,?,?,?)
Hibernate: select next value for app_user_seq
Hibernate: insert into app_user (password,role,username,id) values (?,?,?,?)
Hibernate: insert into owner (firstname,lastname,ownerid) values (?,?,?)
Hibernate: select o1_0.ownerid,o1_0.firstname,o1_0.lastname from owner o1_0
Hibernate: select c1_0.owner,c1_0.id,c1_0.brand,c1_0.color,c1_0.model,c1_0.model_year,c1_0.price,c1_0.registration_number from car c1_0 where c1_0.owner=?
Hibernate: select c1_0.owner,c1_0.id,c1_0.brand,c1_0.color,c1_0.model,c1_0.model_year,c1_0.price,c1_0.registration_number from car c1_0 where c1_0.owner=?
Hibernate: delete from car where id=?
Hibernate: delete from owner where ownerid=?
Hibernate: delete from car where id=?
Hibernate: delete from car where id=?
Hibernate: delete from owner where ownerid=?
Hibernate: delete from owner where ownerid=?
Hibernate: select count(*) from owner o1_0
Hibernate: insert into owner (firstname,lastname,ownerid) values (?,?,?)
Hibernate: select o1_0.ownerid,o1_0.firstname,o1_0.lastname from owner o1_0 where o1_0.firstname=?
]]></system-out>
  <system-err><![CDATA[]]></system-err>
</testsuite>
